<?xml version="1.0" encoding="UTF-8"?>
<!-- Generated by org.testng.reporters.JUnitReportReporter -->
<testsuite hostname="Leonidus-TOSH" failures="0" tests="1" name="testcases.validatePremierLeaguePageTest" time="12.193" errors="0" timestamp="2019-04-20T14:04:26 IDT" skipped="0">
  <testcase classname="testcases.validatePremierLeaguePageTest" name="PremierLeagueTests" time="12.193"/>
</testsuite> <!-- testcases.validatePremierLeaguePageTest -->
