<?xml version="1.0" encoding="UTF-8"?>
<!-- Generated by org.testng.reporters.JUnitReportReporter -->
<testsuite hostname="Leonidus-TOSH" failures="0" tests="1" name="Sanity.validateFootballPageTest" time="25.397" errors="0" timestamp="12 янв. 2019 14:04:44 GMT" skipped="0">
  <testcase classname="Sanity.validateFootballPageTest" name="basicTests" time="25.397"/>
</testsuite> <!-- Sanity.validateFootballPageTest -->
