<?xml version="1.0" encoding="UTF-8"?>
<!-- Generated by org.testng.reporters.JUnitReportReporter -->
<testsuite hostname="Leonidus-TOSH" failures="0" tests="1" name="testcases.validateFootballPageTest" time="7.454" errors="0" timestamp="2019-04-20T14:04:26 IDT" skipped="0">
  <testcase classname="testcases.validateFootballPageTest" name="footballPageTests" time="7.454"/>
</testsuite> <!-- testcases.validateFootballPageTest -->
