<?xml version="1.0" encoding="UTF-8"?>
<!-- Generated by org.testng.reporters.JUnitReportReporter -->
<testsuite hostname="Leonidus-TOSH" failures="0" tests="1" name="Sanity.validatePremierLeaguePage" time="31.920" errors="0" timestamp="12 янв. 2019 14:04:44 GMT" skipped="0">
  <testcase classname="Sanity.validatePremierLeaguePage" name="randomTests" time="31.920"/>
</testsuite> <!-- Sanity.validatePremierLeaguePage -->
