<?xml version="1.0" encoding="UTF-8"?>
<!-- Generated by org.testng.reporters.JUnitReportReporter -->
<testsuite hostname="Leonidus-TOSH" failures="0" tests="2" name="Sanity.validateMainPage" time="40.571" errors="0" timestamp="02 янв. 2019 18:49:38 GMT" skipped="0">
  <testcase classname="Sanity.validateMainPage" name="verifyCatNumber" time="27.474"/>
  <testcase classname="Sanity.validateMainPage" name="verifyLegalNotices" time="13.097"/>
</testsuite> <!-- Sanity.validateMainPage -->
