<?xml version="1.0" encoding="UTF-8"?>
<!-- Generated by org.testng.reporters.JUnitReportReporter -->
<testsuite hostname="Leonidus-TOSH" failures="0" tests="2" name="testcases.validateMainPageTest" time="2.596" errors="0" timestamp="2019-04-20T14:04:26 IDT" skipped="0">
  <testcase classname="testcases.validateMainPageTest" name="verifyLegalNotices" time="1.325"/>
  <testcase classname="testcases.validateMainPageTest" name="verifyCatNumber" time="1.271"/>
</testsuite> <!-- testcases.validateMainPageTest -->
