<?xml version="1.0" encoding="UTF-8"?>
<!-- Generated by org.testng.reporters.JUnitReportReporter -->
<testsuite hostname="Leonidus-TOSH" failures="0" tests="1" name="testcases.validateSideMenuPage" time="12.903" errors="0" timestamp="2019-04-05T19:52:35 IDT" skipped="0">
  <testcase classname="testcases.validateSideMenuPage" name="basicTests" time="12.903"/>
</testsuite> <!-- testcases.validateSideMenuPage -->
