<?xml version="1.0" encoding="UTF-8"?>
<!-- Generated by org.testng.reporters.JUnitReportReporter -->
<testsuite hostname="Leonidus-TOSH" failures="0" tests="1" name="Sanity.validateSideMenuPage" time="21.443" errors="0" timestamp="05 янв. 2019 12:29:37 GMT" skipped="0">
  <testcase classname="Sanity.validateSideMenuPage" name="basicTests" time="21.443"/>
</testsuite> <!-- Sanity.validateSideMenuPage -->
