<?xml version="1.0" encoding="UTF-8"?>
<!-- Generated by org.testng.reporters.JUnitReportReporter -->
<testsuite hostname="Leonidus-TOSH" failures="0" tests="2" name="Sanity.validateMainPage" time="55.880" errors="0" timestamp="05 янв. 2019 12:46:46 GMT" skipped="0">
  <testcase classname="Sanity.validateMainPage" name="verifyCatNumber" time="47.161"/>
  <testcase classname="Sanity.validateMainPage" name="verifyLegalNotices" time="8.719"/>
</testsuite> <!-- Sanity.validateMainPage -->
