<?xml version="1.0" encoding="UTF-8"?>
<!-- Generated by org.testng.reporters.JUnitReportReporter -->
<testsuite hostname="Leonidus-TOSH" failures="0" tests="1" name="Sanity.validateSideMenuPage" time="22.017" errors="0" timestamp="05 янв. 2019 12:46:46 GMT" skipped="0">
  <testcase classname="Sanity.validateSideMenuPage" name="basicTests" time="22.017"/>
</testsuite> <!-- Sanity.validateSideMenuPage -->
