<?xml version="1.0" encoding="UTF-8"?>
<!-- Generated by org.testng.reporters.JUnitReportReporter -->
<testsuite hostname="Leonidus-TOSH" failures="0" tests="1" name="Sanity.validateSideMenuPage" time="20.388" errors="0" timestamp="29 дек. 2018 15:29:19 GMT" skipped="0">
  <testcase classname="Sanity.validateSideMenuPage" name="basicTests" time="20.388"/>
</testsuite> <!-- Sanity.validateSideMenuPage -->
