<?xml version="1.0" encoding="UTF-8"?>
<!-- Generated by org.testng.reporters.JUnitReportReporter -->
<testsuite hostname="Leonidus-TOSH" failures="0" tests="1" name="Sanity.validateFootballPageTest" time="27.269" errors="0" timestamp="18 янв. 2019 09:33:58 GMT" skipped="0">
  <testcase classname="Sanity.validateFootballPageTest" name="basicTests" time="27.269"/>
</testsuite> <!-- Sanity.validateFootballPageTest -->
