<?xml version="1.0" encoding="UTF-8"?>
<!-- Generated by org.testng.reporters.JUnitReportReporter -->
<testsuite hostname="Leonidus-TOSH" failures="0" tests="1" name="Sanity.validateFootballPageTest" time="16.679" errors="0" timestamp="09 мар. 2019 10:05:20 GMT" skipped="0">
  <testcase classname="Sanity.validateFootballPageTest" name="basicTests" time="16.679"/>
</testsuite> <!-- Sanity.validateFootballPageTest -->
