<?xml version="1.0" encoding="UTF-8"?>
<!-- Generated by org.testng.reporters.JUnitReportReporter -->
<testsuite hostname="Leonidus-TOSH" failures="0" tests="1" name="Sanity.validatePremierLeaguePage" time="37.149" errors="0" timestamp="18 янв. 2019 09:33:58 GMT" skipped="0">
  <testcase classname="Sanity.validatePremierLeaguePage" name="randomTests" time="37.149"/>
</testsuite> <!-- Sanity.validatePremierLeaguePage -->
