<?xml version="1.0" encoding="UTF-8"?>
<!-- Generated by org.testng.reporters.JUnitReportReporter -->
<testsuite hostname="Leonidus-TOSH" failures="0" tests="2" name="Sanity.validateMainPage" time="31.654" errors="0" timestamp="29 дек. 2018 15:29:19 GMT" skipped="0">
  <testcase classname="Sanity.validateMainPage" name="verifyCatNumber" time="19.598"/>
  <testcase classname="Sanity.validateMainPage" name="verifyLegalNotices" time="12.056"/>
</testsuite> <!-- Sanity.validateMainPage -->
