<?xml version="1.0" encoding="UTF-8"?>
<!-- Generated by org.testng.reporters.JUnitReportReporter -->
<testsuite hostname="Leonidus-TOSH" failures="0" tests="1" name="testcases.validatePremierLeaguePageTest" time="11.575" errors="0" timestamp="2019-06-29T13:51:17 IDT" skipped="0">
  <testcase classname="testcases.validatePremierLeaguePageTest" name="PremierLeagueTests" time="11.575"/>
</testsuite> <!-- testcases.validatePremierLeaguePageTest -->
