<?xml version="1.0" encoding="UTF-8"?>
<!-- Generated by org.testng.reporters.JUnitReportReporter -->
<testsuite hostname="Leonidus-TOSH" failures="0" tests="1" name="testcases.validateSideMenuPageTest" time="1.673" errors="0" timestamp="2019-04-20T14:04:26 IDT" skipped="0">
  <testcase classname="testcases.validateSideMenuPageTest" name="sideMenuTests" time="1.673"/>
</testsuite> <!-- testcases.validateSideMenuPageTest -->
