<?xml version="1.0" encoding="UTF-8"?>
<!-- Generated by org.testng.reporters.JUnitReportReporter -->
<testsuite hostname="Leonidus-TOSH" failures="0" tests="2" name="Sanity.validateMainPage" time="34.271" errors="0" timestamp="18 янв. 2019 09:33:58 GMT" skipped="0">
  <testcase classname="Sanity.validateMainPage" name="verifyLegalNotices" time="8.723"/>
  <testcase classname="Sanity.validateMainPage" name="verifyCatNumber" time="25.548"/>
</testsuite> <!-- Sanity.validateMainPage -->
