<?xml version="1.0" encoding="UTF-8"?>
<!-- Generated by org.testng.reporters.JUnitReportReporter -->
<testsuite hostname="Leonidus-TOSH" failures="0" tests="2" name="testcases.validateMainPage" time="2.603" errors="0" timestamp="2019-04-05T19:52:35 IDT" skipped="0">
  <testcase classname="testcases.validateMainPage" name="verifyLegalNotices" time="1.505"/>
  <testcase classname="testcases.validateMainPage" name="verifyCatNumber" time="1.098"/>
</testsuite> <!-- testcases.validateMainPage -->
