<?xml version="1.0" encoding="UTF-8"?>
<!-- Generated by org.testng.reporters.JUnitReportReporter -->
<testsuite hostname="Leonidus-TOSH" failures="0" tests="1" name="testcases.sideMenu.underHelpPage.validateDiscoverEurosportPageTest" time="7.920" errors="0" timestamp="2019-06-29T13:51:17 IDT" skipped="0">
  <testcase classname="testcases.sideMenu.underHelpPage.validateDiscoverEurosportPageTest" name="discoverEurosportPageTest" time="7.920"/>
</testsuite> <!-- testcases.sideMenu.underHelpPage.validateDiscoverEurosportPageTest -->
