<?xml version="1.0" encoding="UTF-8"?>
<!-- Generated by org.testng.reporters.JUnitReportReporter -->
<testsuite hostname="Leonidus-TOSH" failures="0" tests="1" name="testcases.validateTermsAndConditionsPageTest" time="9.106" errors="0" timestamp="2019-04-27T14:27:52 IDT" skipped="0">
  <testcase classname="testcases.validateTermsAndConditionsPageTest" name="validateTermsAndCondPageTest" time="9.106"/>
</testsuite> <!-- testcases.validateTermsAndConditionsPageTest -->
