<?xml version="1.0" encoding="UTF-8"?>
<!-- Generated by org.testng.reporters.JUnitReportReporter -->
<testsuite hostname="Leonidus-TOSH" failures="0" tests="2" name="Sanity.validateMainPage" time="44.103" errors="0" timestamp="05 янв. 2019 12:29:37 GMT" skipped="0">
  <testcase classname="Sanity.validateMainPage" name="verifyCatNumber" time="31.815"/>
  <testcase classname="Sanity.validateMainPage" name="verifyLegalNotices" time="12.288"/>
</testsuite> <!-- Sanity.validateMainPage -->
