<?xml version="1.0" encoding="UTF-8"?>
<!-- Generated by org.testng.reporters.JUnitReportReporter -->
<testsuite hostname="Leonidus-TOSH" failures="0" tests="1" name="Sanity.validatePremierLeaguePage" time="20.665" errors="0" timestamp="09 мар. 2019 10:05:20 GMT" skipped="0">
  <testcase classname="Sanity.validatePremierLeaguePage" name="randomTests" time="20.665"/>
</testsuite> <!-- Sanity.validatePremierLeaguePage -->
