<?xml version="1.0" encoding="UTF-8"?>
<!-- Generated by org.testng.reporters.JUnitReportReporter -->
<testsuite hostname="Leonidus-TOSH" failures="0" tests="1" name="Sanity.validateSideMenuPage" time="20.155" errors="0" timestamp="12 янв. 2019 14:04:44 GMT" skipped="0">
  <testcase classname="Sanity.validateSideMenuPage" name="basicTests" time="20.155"/>
</testsuite> <!-- Sanity.validateSideMenuPage -->
