<?xml version="1.0" encoding="UTF-8"?>
<!-- Generated by org.testng.reporters.JUnitReportReporter -->
<testsuite hostname="Leonidus-TOSH" failures="0" tests="1" name="Sanity.validateSideMenuPage" time="23.492" errors="0" timestamp="02 янв. 2019 18:49:38 GMT" skipped="0">
  <testcase classname="Sanity.validateSideMenuPage" name="basicTests" time="23.492"/>
</testsuite> <!-- Sanity.validateSideMenuPage -->
