<?xml version="1.0" encoding="UTF-8"?>
<!-- Generated by org.testng.reporters.JUnitReportReporter -->
<testsuite hostname="Leonidus-TOSH" failures="0" tests="4" name="testcases.validateMainPageTest" time="12.806" errors="0" timestamp="2019-06-29T13:51:17 IDT" skipped="0">
  <testcase classname="testcases.validateMainPageTest" name="verifyLegalNotices" time="1.251"/>
  <testcase classname="testcases.validateMainPageTest" name="verifyCatNumber" time="5.142"/>
  <testcase classname="testcases.validateMainPageTest" name="verifyLegalNotices" time="1.221"/>
  <testcase classname="testcases.validateMainPageTest" name="verifyCatNumber" time="5.192"/>
</testsuite> <!-- testcases.validateMainPageTest -->
