<?xml version="1.0" encoding="UTF-8"?>
<!-- Generated by org.testng.reporters.JUnitReportReporter -->
<testsuite hostname="Leonidus-TOSH" failures="0" tests="1" name="testcases.sideMenu.validateSideMenuPageTest" time="1.588" errors="0" timestamp="2019-06-29T13:51:17 IDT" skipped="0">
  <testcase classname="testcases.sideMenu.validateSideMenuPageTest" name="sideMenuTests" time="1.588"/>
</testsuite> <!-- testcases.sideMenu.validateSideMenuPageTest -->
