<?xml version="1.0" encoding="UTF-8"?>
<!-- Generated by org.testng.reporters.JUnitReportReporter -->
<testsuite hostname="Leonidus-TOSH" failures="0" tests="1" name="testcases.validatePremierLeaguePage" time="16.625" errors="0" timestamp="2019-04-05T19:52:35 IDT" skipped="0">
  <testcase classname="testcases.validatePremierLeaguePage" name="randomTests" time="16.625"/>
</testsuite> <!-- testcases.validatePremierLeaguePage -->
