<?xml version="1.0" encoding="UTF-8"?>
<!-- Generated by org.testng.reporters.JUnitReportReporter -->
<testsuite hostname="Leonidus-TOSH" failures="0" tests="2" name="Sanity.validateMainPage" time="28.042" errors="0" timestamp="12 янв. 2019 14:04:44 GMT" skipped="0">
  <testcase classname="Sanity.validateMainPage" name="verifyLegalNotices" time="9.557"/>
  <testcase classname="Sanity.validateMainPage" name="verifyCatNumber" time="18.485"/>
</testsuite> <!-- Sanity.validateMainPage -->
