<?xml version="1.0" encoding="UTF-8"?>
<!-- Generated by org.testng.reporters.JUnitReportReporter -->
<testsuite hostname="Leonidus-TOSH" failures="0" tests="2" name="testcases.validateMainPageTest" time="6.942" errors="0" timestamp="2019-04-27T14:27:52 IDT" skipped="0">
  <testcase classname="testcases.validateMainPageTest" name="verifyCatNumber" time="5.454"/>
  <testcase classname="testcases.validateMainPageTest" name="verifyLegalNotices" time="1.488"/>
</testsuite> <!-- testcases.validateMainPageTest -->
