<?xml version="1.0" encoding="UTF-8"?>
<!-- Generated by org.testng.reporters.JUnitReportReporter -->
<testsuite hostname="Leonidus-TOSH" failures="0" tests="2" name="Sanity.validateMainPage" time="23.176" errors="0" timestamp="09 мар. 2019 10:05:20 GMT" skipped="0">
  <testcase classname="Sanity.validateMainPage" name="verifyLegalNotices" time="8.440"/>
  <testcase classname="Sanity.validateMainPage" name="verifyCatNumber" time="14.736"/>
</testsuite> <!-- Sanity.validateMainPage -->
