<?xml version="1.0" encoding="UTF-8"?>
<!-- Generated by org.testng.reporters.JUnitReportReporter -->
<testsuite hostname="Leonidus-TOSH" failures="0" tests="1" name="testcases.validateFootballPageTest" time="24.640" errors="0" timestamp="2019-04-05T19:52:35 IDT" skipped="0">
  <testcase classname="testcases.validateFootballPageTest" name="basicTests" time="24.640"/>
</testsuite> <!-- testcases.validateFootballPageTest -->
